This file contains any messages produced by compilers while
running configure, to aid debugging if configure makes a mistake.

It was created by configure, which was
generated by GNU Autoconf 2.59.  Invocation command line was

  $ ./configure --no-create --no-recursion

## --------- ##
## Platform. ##
## --------- ##

hostname = kingfisher
uname -m = i686
uname -r = 2.4.18-17.7.x
uname -s = Linux
uname -v = #1 Tue Oct 8 11:34:32 EDT 2002

/usr/bin/uname -p = unknown
/bin/uname -X     = unknown

/bin/arch              = i686
/usr/bin/arch -k       = unknown
/usr/convex/getsysinfo = unknown
hostinfo               = unknown
/bin/machine           = unknown
/usr/bin/oslevel       = unknown
/bin/universe          = unknown

PATH: /home/rkh23/scripts
PATH: /usr/local/qt/bin
PATH: /usr/java/j2sdk1.4.1/bin
PATH: /openoffice/program
PATH: /usr/local/bin
PATH: /opt/SUNWspro/bin
PATH: /project/gsp/bat/versions/v3.1/core/bin/i586_linux_2.4
PATH: /project/spirit/version9.0/discovery/bin/i586_linux_2.4
PATH: /project/oracle/app/oracle/product/7.3.3/bin
PATH: /project/spirit/version9.0/bin
PATH: /project/spirit/version9.0/appls/bin/i586_linux_2.4
PATH: /project/spirit/version9.0/services/bin/i586_linux_2.4
PATH: /project/spirit/omni/bin/i586_linux_2.4
PATH: /project/spirit/omni/bin/scripts
PATH: /home/rkh23/scripts
PATH: /usr/local/qt/bin
PATH: /usr/java/j2sdk1.4.1/bin
PATH: /openoffice/program
PATH: /usr/local/bin
PATH: /opt/SUNWspro/bin
PATH: /project/gsp/bat/versions/v3.1/core/bin/i586_linux_2.4
PATH: /project/spirit/version9.0/discovery/bin/i586_linux_2.4
PATH: /project/oracle/app/oracle/product/7.3.3/bin
PATH: /project/spirit/version9.0/bin
PATH: /project/spirit/version9.0/appls/bin/i586_linux_2.4
PATH: /project/spirit/version9.0/services/bin/i586_linux_2.4
PATH: /project/spirit/omni/bin/i586_linux_2.4
PATH: /project/spirit/omni/bin/scripts
PATH: /home/rkh23/scripts
PATH: /usr/local/qt/bin
PATH: /usr/java/j2sdk1.4.1/bin
PATH: /openoffice/program
PATH: /usr/local/bin
PATH: /opt/SUNWspro/bin
PATH: /project/gsp/bat/versions/v3.1/core/bin/i586_linux_2.4
PATH: /project/spirit/version9.0/discovery/bin/i586_linux_2.4
PATH: /project/oracle/app/oracle/product/7.3.3/bin
PATH: /project/spirit/version9.0/bin
PATH: /project/spirit/version9.0/appls/bin/i586_linux_2.4
PATH: /project/spirit/version9.0/services/bin/i586_linux_2.4
PATH: /project/spirit/omni/bin/i586_linux_2.4
PATH: /project/spirit/omni/bin/scripts
PATH: /home/rkh23/scripts
PATH: /usr/local/qt/bin
PATH: /usr/java/j2sdk1.4.1/bin
PATH: /openoffice/program
PATH: /usr/local/bin
PATH: /opt/SUNWspro/bin
PATH: /project/gsp/bat/versions/v3.1/core/bin/i586_linux_2.4
PATH: /project/spirit/version9.0/discovery/bin/i586_linux_2.4
PATH: /project/oracle/app/oracle/product/7.3.3/bin
PATH: /project/spirit/version9.0/bin
PATH: /project/spirit/version9.0/appls/bin/i586_linux_2.4
PATH: /project/spirit/version9.0/services/bin/i586_linux_2.4
PATH: /project/spirit/omni/bin/i586_linux_2.4
PATH: /project/spirit/omni/bin/scripts
PATH: /home/rkh23/scripts
PATH: /usr/local/qt/bin
PATH: /usr/java/j2sdk1.4.1/bin
PATH: /openoffice/program
PATH: /usr/local/bin
PATH: /opt/SUNWspro/bin
PATH: /project/gsp/bat/versions/v3.1/core/bin/i586_linux_2.4
PATH: /project/spirit/version9.0/discovery/bin/i586_linux_2.4
PATH: /project/oracle/app/oracle/product/7.3.3/bin
PATH: /project/spirit/version9.0/bin
PATH: /project/spirit/version9.0/appls/bin/i586_linux_2.4
PATH: /project/spirit/version9.0/services/bin/i586_linux_2.4
PATH: /project/spirit/omni/bin/i586_linux_2.4
PATH: /project/spirit/omni/bin/scripts
PATH: /home/rkh23/scripts
PATH: /usr/local/qt/bin
PATH: /usr/java/j2sdk1.4.1/bin
PATH: /openoffice/program
PATH: /usr/local/bin
PATH: /opt/SUNWspro/bin
PATH: /project/gsp/bat/versions/v3.1/core/bin/i586_linux_2.4
PATH: /project/spirit/version9.0/discovery/bin/i586_linux_2.4
PATH: /project/oracle/app/oracle/product/7.3.3/bin
PATH: /project/spirit/version9.0/bin
PATH: /project/spirit/version9.0/appls/bin/i586_linux_2.4
PATH: /project/spirit/version9.0/services/bin/i586_linux_2.4
PATH: /project/spirit/omni/bin/i586_linux_2.4
PATH: /project/spirit/omni/bin/scripts
PATH: /usr/local/bin
PATH: /bin
PATH: /usr/bin
PATH: /usr/X11R6/bin
PATH: /lce/bin/scripts
PATH: /lce/bin/i586_linux_2.4_glibc
PATH: /project/spirit/version9.0/core/bin/i586_linux_2.4
PATH: /lce/apps/lyx/current/bin
PATH: /usr/local/openoffice/program
PATH: /home/rkh23/bin
PATH: /project/spirit/version9.0/core/bin/i586_linux_2.4
PATH: /lce/apps/lyx/current/bin
PATH: /usr/local/openoffice/program
PATH: /project/spirit/version9.0/core/bin/i586_linux_2.4
PATH: /lce/apps/lyx/current/bin
PATH: /usr/local/openoffice/program
PATH: /project/spirit/version9.0/core/bin/i586_linux_2.4
PATH: /lce/apps/lyx/current/bin
PATH: /usr/local/openoffice/program
PATH: /project/spirit/version9.0/core/bin/i586_linux_2.4
PATH: /lce/apps/lyx/current/bin
PATH: /usr/local/openoffice/program
PATH: /project/spirit/version9.0/core/bin/i586_linux_2.4
PATH: /lce/apps/lyx/current/bin
PATH: /usr/local/openoffice/program


## ----------- ##
## Core tests. ##
## ----------- ##

configure:1520: checking for a BSD-compatible install
configure:1575: result: /usr/bin/install -c
configure:1586: checking whether build environment is sane
configure:1629: result: yes
configure:1662: checking for gawk
configure:1678: found /bin/gawk
configure:1688: result: gawk
configure:1698: checking whether make sets $(MAKE)
configure:1718: result: yes
configure:1935: checking build system type
configure:1953: result: i686-pc-linux-gnu
configure:1961: checking host system type
configure:1975: result: i686-pc-linux-gnu
configure:2003: checking for style of include used by make
configure:2031: result: GNU
configure:2102: checking for gcc
configure:2118: found /usr/bin/gcc
configure:2128: result: gcc
configure:2372: checking for C compiler version
configure:2375: gcc --version </dev/null >&5
2.96
configure:2378: $? = 0
configure:2380: gcc -v </dev/null >&5
Reading specs from /usr/lib/gcc-lib/i386-redhat-linux/2.96/specs
gcc version 2.96 20000731 (Red Hat Linux 7.3 2.96-113)
configure:2383: $? = 0
configure:2385: gcc -V </dev/null >&5
gcc: argument to `-V' is missing
configure:2388: $? = 1
configure:2411: checking for C compiler default output file name
configure:2414: gcc    conftest.c  >&5
configure:2417: $? = 0
configure:2463: result: a.out
configure:2468: checking whether the C compiler works
configure:2474: ./a.out
configure:2477: $? = 0
configure:2494: result: yes
configure:2501: checking whether we are cross compiling
configure:2503: result: no
configure:2506: checking for suffix of executables
configure:2508: gcc -o conftest    conftest.c  >&5
configure:2511: $? = 0
configure:2536: result: 
configure:2542: checking for suffix of object files
configure:2563: gcc -c   conftest.c >&5
configure:2566: $? = 0
configure:2588: result: o
configure:2592: checking whether we are using the GNU C compiler
configure:2616: gcc -c   conftest.c >&5
configure:2622: $? = 0
configure:2626: test -z 
			 || test ! -s conftest.err
configure:2629: $? = 0
configure:2632: test -s conftest.o
configure:2635: $? = 0
configure:2648: result: yes
configure:2654: checking whether gcc accepts -g
configure:2675: gcc -c -g  conftest.c >&5
configure:2681: $? = 0
configure:2685: test -z 
			 || test ! -s conftest.err
configure:2688: $? = 0
configure:2691: test -s conftest.o
configure:2694: $? = 0
configure:2705: result: yes
configure:2722: checking for gcc option to accept ANSI C
configure:2792: gcc  -c -g -O2  conftest.c >&5
configure:2798: $? = 0
configure:2802: test -z 
			 || test ! -s conftest.err
configure:2805: $? = 0
configure:2808: test -s conftest.o
configure:2811: $? = 0
configure:2829: result: none needed
configure:2847: gcc -c -g -O2  conftest.c >&5
conftest.c:2: parse error before `me'
configure:2853: $? = 1
configure: failed program was:
| #ifndef __cplusplus
|   choke me
| #endif
configure:2988: checking dependency style of gcc
configure:3050: result: gcc3
configure:3077: checking for ld used by GCC
configure:3140: result: /usr/bin/ld
configure:3149: checking if the linker (/usr/bin/ld) is GNU ld
GNU ld version 2.11.93.0.2 20020207
configure:3161: result: yes
configure:3166: checking for /usr/bin/ld option to reload object files
configure:3173: result: -r
configure:3178: checking for BSD-compatible nm
configure:3214: result: /usr/bin/nm -B
configure:3217: checking whether ln -s works
configure:3221: result: yes
configure:3228: checking how to recognise dependant libraries
configure:3406: result: pass_all
configure:3419: checking command to parse /usr/bin/nm -B output
configure:3500: gcc -c -g -O2  conftest.c >&5
configure:3503: $? = 0
configure:3507: /usr/bin/nm -B conftest.o \| sed -n -e 's/^.*[ 	]\([ABCDGISTW][ABCDGISTW]*\)[ 	][ 	]*\(\)\([_A-Za-z][_A-Za-z0-9]*\)$/\1 \2\3 \3/p' \> conftest.nm
configure:3510: $? = 0
configure:3562: gcc -o conftest -g -O2   conftest.c conftstm.o >&5
configure:3565: $? = 0
configure:3609: result: ok
configure:3618: checking how to run the C preprocessor
configure:3653: gcc -E  conftest.c
configure:3659: $? = 0
configure:3691: gcc -E  conftest.c
conftest.c:11:28: ac_nonexistent.h: No such file or directory
configure:3697: $? = 1
configure: failed program was:
| /* confdefs.h.  */
| 
| #define PACKAGE_NAME ""
| #define PACKAGE_TARNAME ""
| #define PACKAGE_VERSION ""
| #define PACKAGE_STRING ""
| #define PACKAGE_BUGREPORT ""
| #define PACKAGE "libNLMAP"
| #define VERSION "0.0.1"
| /* end confdefs.h.  */
| #include <ac_nonexistent.h>
configure:3736: result: gcc -E
configure:3760: gcc -E  conftest.c
configure:3766: $? = 0
configure:3798: gcc -E  conftest.c
conftest.c:11:28: ac_nonexistent.h: No such file or directory
configure:3804: $? = 1
configure: failed program was:
| /* confdefs.h.  */
| 
| #define PACKAGE_NAME ""
| #define PACKAGE_TARNAME ""
| #define PACKAGE_VERSION ""
| #define PACKAGE_STRING ""
| #define PACKAGE_BUGREPORT ""
| #define PACKAGE "libNLMAP"
| #define VERSION "0.0.1"
| /* end confdefs.h.  */
| #include <ac_nonexistent.h>
configure:3848: checking for egrep
configure:3858: result: grep -E
configure:3863: checking for ANSI C header files
configure:3888: gcc -c -g -O2  conftest.c >&5
configure:3894: $? = 0
configure:3898: test -z 
			 || test ! -s conftest.err
configure:3901: $? = 0
configure:3904: test -s conftest.o
configure:3907: $? = 0
configure:3993: gcc -o conftest -g -O2   conftest.c  >&5
configure:3996: $? = 0
configure:3998: ./conftest
configure:4001: $? = 0
configure:4016: result: yes
configure:4040: checking for sys/types.h
configure:4056: gcc -c -g -O2  conftest.c >&5
configure:4062: $? = 0
configure:4066: test -z 
			 || test ! -s conftest.err
configure:4069: $? = 0
configure:4072: test -s conftest.o
configure:4075: $? = 0
configure:4086: result: yes
configure:4040: checking for sys/stat.h
configure:4056: gcc -c -g -O2  conftest.c >&5
configure:4062: $? = 0
configure:4066: test -z 
			 || test ! -s conftest.err
configure:4069: $? = 0
configure:4072: test -s conftest.o
configure:4075: $? = 0
configure:4086: result: yes
configure:4040: checking for stdlib.h
configure:4056: gcc -c -g -O2  conftest.c >&5
configure:4062: $? = 0
configure:4066: test -z 
			 || test ! -s conftest.err
configure:4069: $? = 0
configure:4072: test -s conftest.o
configure:4075: $? = 0
configure:4086: result: yes
configure:4040: checking for string.h
configure:4056: gcc -c -g -O2  conftest.c >&5
configure:4062: $? = 0
configure:4066: test -z 
			 || test ! -s conftest.err
configure:4069: $? = 0
configure:4072: test -s conftest.o
configure:4075: $? = 0
configure:4086: result: yes
configure:4040: checking for memory.h
configure:4056: gcc -c -g -O2  conftest.c >&5
configure:4062: $? = 0
configure:4066: test -z 
			 || test ! -s conftest.err
configure:4069: $? = 0
configure:4072: test -s conftest.o
configure:4075: $? = 0
configure:4086: result: yes
configure:4040: checking for strings.h
configure:4056: gcc -c -g -O2  conftest.c >&5
configure:4062: $? = 0
configure:4066: test -z 
			 || test ! -s conftest.err
configure:4069: $? = 0
configure:4072: test -s conftest.o
configure:4075: $? = 0
configure:4086: result: yes
configure:4040: checking for inttypes.h
configure:4056: gcc -c -g -O2  conftest.c >&5
configure:4062: $? = 0
configure:4066: test -z 
			 || test ! -s conftest.err
configure:4069: $? = 0
configure:4072: test -s conftest.o
configure:4075: $? = 0
configure:4086: result: yes
configure:4040: checking for stdint.h
configure:4056: gcc -c -g -O2  conftest.c >&5
configure:4062: $? = 0
configure:4066: test -z 
			 || test ! -s conftest.err
configure:4069: $? = 0
configure:4072: test -s conftest.o
configure:4075: $? = 0
configure:4086: result: yes
configure:4040: checking for unistd.h
configure:4056: gcc -c -g -O2  conftest.c >&5
configure:4062: $? = 0
configure:4066: test -z 
			 || test ! -s conftest.err
configure:4069: $? = 0
configure:4072: test -s conftest.o
configure:4075: $? = 0
configure:4086: result: yes
configure:4112: checking dlfcn.h usability
configure:4124: gcc -c -g -O2  conftest.c >&5
configure:4130: $? = 0
configure:4134: test -z 
			 || test ! -s conftest.err
configure:4137: $? = 0
configure:4140: test -s conftest.o
configure:4143: $? = 0
configure:4153: result: yes
configure:4157: checking dlfcn.h presence
configure:4167: gcc -E  conftest.c
configure:4173: $? = 0
configure:4193: result: yes
configure:4228: checking for dlfcn.h
configure:4235: result: yes
configure:4432: checking for ranlib
configure:4448: found /usr/bin/ranlib
configure:4459: result: ranlib
configure:4512: checking for strip
configure:4528: found /usr/bin/strip
configure:4539: result: strip
configure:4759: checking for objdir
configure:4770: result: .libs
configure:4787: checking for gcc option to produce PIC
configure:4937: result: -fPIC
configure:4941: checking if gcc PIC flag -fPIC works
configure:4964: gcc -c -g -O2 -fPIC -DPIC  conftest.c >&5
configure:4970: $? = 0
configure:4974: test -z 
			 || test ! -s conftest.err
configure:4977: $? = 0
configure:4980: test -s conftest.o
configure:4983: $? = 0
configure:5021: result: yes
configure:5037: checking if gcc static flag -static works
configure:5061: gcc -o conftest -g -O2   -static conftest.c  >&5
configure:5067: $? = 0
configure:5071: test -z 
			 || test ! -s conftest.err
configure:5074: $? = 0
configure:5077: test -s conftest
configure:5080: $? = 0
configure:5097: result: yes
configure:5109: checking if gcc supports -c -o file.o
configure:5132: gcc -c -g -O2 -o out/conftest2.o  conftest.c >&5
configure:5153: result: yes
configure:5158: checking if gcc supports -c -o file.lo
configure:5185: gcc -c -g -O2 -c -o conftest.lo  conftest.c >&5
configure:5191: $? = 0
configure:5195: test -z 
			 || test ! -s conftest.err
configure:5198: $? = 0
configure:5201: test -s conftest.lo
configure:5204: $? = 0
configure:5226: result: yes
configure:5257: checking if gcc supports -fno-rtti -fno-exceptions
configure:5279: gcc -c -g -O2 -fno-rtti -fno-exceptions -c conftest.c  conftest.c >&5
configure:5285: $? = 0
configure:5289: test -z 
			 || test ! -s conftest.err
configure:5292: $? = 0
configure:5295: test -s conftest.o
configure:5298: $? = 0
configure:5315: result: yes
configure:5326: checking whether the linker (/usr/bin/ld) supports shared libraries
configure:6006: result: yes
configure:6011: checking how to hardcode library paths into programs
configure:6035: result: immediate
configure:6040: checking whether stripping libraries is possible
configure:6045: result: yes
configure:6056: checking dynamic linker characteristics
configure:6449: result: GNU/Linux ld.so
configure:6454: checking if libtool supports shared libraries
configure:6456: result: yes
configure:6459: checking whether to build shared libraries
configure:6480: result: yes
configure:6483: checking whether to build static libraries
configure:6487: result: yes
configure:7237: checking whether -lc should be explicitly linked in
configure:7245: gcc -c -g -O2  conftest.c >&5
configure:7248: $? = 0
configure:7262: gcc -shared conftest.o  -v -Wl,-soname -Wl,conftest -o conftest 2\>\&1 \| grep  -lc  \>/dev/null 2\>\&1
configure:7265: $? = 0
configure:7278: result: no
configure:7862: checking for a BSD-compatible install
configure:7917: result: /usr/bin/install -c
configure:7987: checking for g++
configure:8003: found /usr/bin/g++
configure:8013: result: g++
configure:8029: checking for C++ compiler version
configure:8032: g++ --version </dev/null >&5
2.96
configure:8035: $? = 0
configure:8037: g++ -v </dev/null >&5
Reading specs from /usr/lib/gcc-lib/i386-redhat-linux/2.96/specs
gcc version 2.96 20000731 (Red Hat Linux 7.3 2.96-113)
configure:8040: $? = 0
configure:8042: g++ -V </dev/null >&5
g++: argument to `-V' missing

configure:8045: $? = 1
configure:8048: checking whether we are using the GNU C++ compiler
configure:8072: g++ -c   conftest.cc >&5
configure:8078: $? = 0
configure:8082: test -z 
			 || test ! -s conftest.err
configure:8085: $? = 0
configure:8088: test -s conftest.o
configure:8091: $? = 0
configure:8104: result: yes
configure:8110: checking whether g++ accepts -g
configure:8131: g++ -c -g  conftest.cc >&5
configure:8137: $? = 0
configure:8141: test -z 
			 || test ! -s conftest.err
configure:8144: $? = 0
configure:8147: test -s conftest.o
configure:8150: $? = 0
configure:8161: result: yes
configure:8203: g++ -c -g -O2  conftest.cc >&5
configure:8209: $? = 0
configure:8213: test -z 
			 || test ! -s conftest.err
configure:8216: $? = 0
configure:8219: test -s conftest.o
configure:8222: $? = 0
configure:8248: g++ -c -g -O2  conftest.cc >&5
conftest.cc: In function `int main ()':
conftest.cc:26: `exit' undeclared (first use this function)
conftest.cc:26: (Each undeclared identifier is reported only once for 
each function it appears in.)
configure:8254: $? = 1
configure: failed program was:
| /* confdefs.h.  */
| 
| #define PACKAGE_NAME ""
| #define PACKAGE_TARNAME ""
| #define PACKAGE_VERSION ""
| #define PACKAGE_STRING ""
| #define PACKAGE_BUGREPORT ""
| #define PACKAGE "libNLMAP"
| #define VERSION "0.0.1"
| #define STDC_HEADERS 1
| #define HAVE_SYS_TYPES_H 1
| #define HAVE_SYS_STAT_H 1
| #define HAVE_STDLIB_H 1
| #define HAVE_STRING_H 1
| #define HAVE_MEMORY_H 1
| #define HAVE_STRINGS_H 1
| #define HAVE_INTTYPES_H 1
| #define HAVE_STDINT_H 1
| #define HAVE_UNISTD_H 1
| #define HAVE_DLFCN_H 1
| /* end confdefs.h.  */
| 
| int
| main ()
| {
| exit (42);
|   ;
|   return 0;
| }
configure:8203: g++ -c -g -O2  conftest.cc >&5
configure:8209: $? = 0
configure:8213: test -z 
			 || test ! -s conftest.err
configure:8216: $? = 0
configure:8219: test -s conftest.o
configure:8222: $? = 0
configure:8248: g++ -c -g -O2  conftest.cc >&5
configure:8254: $? = 0
configure:8258: test -z 
			 || test ! -s conftest.err
configure:8261: $? = 0
configure:8264: test -s conftest.o
configure:8267: $? = 0
configure:8292: checking dependency style of g++
configure:8354: result: gcc3
configure:8359: checking whether make sets $(MAKE)
configure:8379: result: yes
configure:8523: creating ./config.status

## ---------------- ##
## Cache variables. ##
## ---------------- ##

ac_cv_build=i686-pc-linux-gnu
ac_cv_build_alias=i686-pc-linux-gnu
ac_cv_c_compiler_gnu=yes
ac_cv_cxx_compiler_gnu=yes
ac_cv_env_CC_set=
ac_cv_env_CC_value=
ac_cv_env_CFLAGS_set=
ac_cv_env_CFLAGS_value=
ac_cv_env_CPPFLAGS_set=
ac_cv_env_CPPFLAGS_value=
ac_cv_env_CPP_set=
ac_cv_env_CPP_value=
ac_cv_env_CXXFLAGS_set=
ac_cv_env_CXXFLAGS_value=
ac_cv_env_CXX_set=
ac_cv_env_CXX_value=
ac_cv_env_LDFLAGS_set=
ac_cv_env_LDFLAGS_value=
ac_cv_env_build_alias_set=
ac_cv_env_build_alias_value=
ac_cv_env_host_alias_set=
ac_cv_env_host_alias_value=
ac_cv_env_target_alias_set=
ac_cv_env_target_alias_value=
ac_cv_exeext=
ac_cv_header_dlfcn_h=yes
ac_cv_header_inttypes_h=yes
ac_cv_header_memory_h=yes
ac_cv_header_stdc=yes
ac_cv_header_stdint_h=yes
ac_cv_header_stdlib_h=yes
ac_cv_header_string_h=yes
ac_cv_header_strings_h=yes
ac_cv_header_sys_stat_h=yes
ac_cv_header_sys_types_h=yes
ac_cv_header_unistd_h=yes
ac_cv_host=i686-pc-linux-gnu
ac_cv_host_alias=i686-pc-linux-gnu
ac_cv_objext=o
ac_cv_path_install='/usr/bin/install -c'
ac_cv_prog_AWK=gawk
ac_cv_prog_CPP='gcc -E'
ac_cv_prog_ac_ct_CC=gcc
ac_cv_prog_ac_ct_CXX=g++
ac_cv_prog_ac_ct_RANLIB=ranlib
ac_cv_prog_ac_ct_STRIP=strip
ac_cv_prog_cc_g=yes
ac_cv_prog_cc_stdc=
ac_cv_prog_cxx_g=yes
ac_cv_prog_egrep='grep -E'
ac_cv_prog_make_make_set=yes
am_cv_CC_dependencies_compiler_type=gcc3
am_cv_CXX_dependencies_compiler_type=gcc3
lt_cv_archive_cmds_need_lc=no
lt_cv_compiler_c_o=yes
lt_cv_compiler_o_lo=yes
lt_cv_deplibs_check_method=pass_all
lt_cv_file_magic_cmd='$MAGIC_CMD'
lt_cv_file_magic_test_file='/lib/libc.so.6 /lib/libc-2.2.5.so'
lt_cv_global_symbol_to_c_name_address='sed -n -e '\''s/^: \([^ ]*\) $/  {\"\1\", (lt_ptr) 0},/p'\'' -e '\''s/^[BCDEGRST] \([^ ]*\) \([^ ]*\)$/  {"\2", (lt_ptr) \&\2},/p'\'''
lt_cv_global_symbol_to_cdecl='sed -n -e '\''s/^. .* \(.*\)$/extern char \1;/p'\'''
lt_cv_ld_reload_flag=-r
lt_cv_path_LD=/usr/bin/ld
lt_cv_path_NM='/usr/bin/nm -B'
lt_cv_prog_cc_can_build_shared=yes
lt_cv_prog_cc_no_builtin=
lt_cv_prog_cc_pic=' -fPIC'
lt_cv_prog_cc_pic_works=yes
lt_cv_prog_cc_shlib=
lt_cv_prog_cc_static=-static
lt_cv_prog_cc_static_works=yes
lt_cv_prog_cc_wl=-Wl,
lt_cv_prog_gnu_ld=yes
lt_cv_sys_global_symbol_pipe='sed -n -e '\''s/^.*[ 	]\([ABCDGISTW][ABCDGISTW]*\)[ 	][ 	]*\(\)\([_A-Za-z][_A-Za-z0-9]*\)$/\1 \2\3 \3/p'\'''

## ----------------- ##
## Output variables. ##
## ----------------- ##

ACLOCAL='${SHELL} /home/rkh23/src/NLMAP/missing --run aclocal-1.6'
AMDEPBACKSLASH='\'
AMDEP_FALSE='#'
AMDEP_TRUE=''
AMTAR='${SHELL} /home/rkh23/src/NLMAP/missing --run tar'
AUTOCONF='${SHELL} /home/rkh23/src/NLMAP/missing --run autoconf'
AUTOHEADER='${SHELL} /home/rkh23/src/NLMAP/missing --run autoheader'
AUTOMAKE='${SHELL} /home/rkh23/src/NLMAP/missing --run automake-1.6'
AWK='gawk'
CC='gcc'
CCDEPMODE='depmode=gcc3'
CFLAGS='-g -O2'
CPP='gcc -E'
CPPFLAGS=''
CXX='g++'
CXXDEPMODE='depmode=gcc3'
CXXFLAGS='-g -O2'
DEFS='-DPACKAGE_NAME=\"\" -DPACKAGE_TARNAME=\"\" -DPACKAGE_VERSION=\"\" -DPACKAGE_STRING=\"\" -DPACKAGE_BUGREPORT=\"\" -DPACKAGE=\"libNLMAP\" -DVERSION=\"0.0.1\" -DSTDC_HEADERS=1 -DHAVE_SYS_TYPES_H=1 -DHAVE_SYS_STAT_H=1 -DHAVE_STDLIB_H=1 -DHAVE_STRING_H=1 -DHAVE_MEMORY_H=1 -DHAVE_STRINGS_H=1 -DHAVE_INTTYPES_H=1 -DHAVE_STDINT_H=1 -DHAVE_UNISTD_H=1 -DHAVE_DLFCN_H=1 '
DEPDIR='.deps'
ECHO='echo'
ECHO_C=''
ECHO_N='-n'
ECHO_T=''
EGREP='grep -E'
EXEEXT=''
INSTALL_DATA='${INSTALL} -m 644'
INSTALL_PROGRAM='${INSTALL}'
INSTALL_SCRIPT='${INSTALL}'
INSTALL_STRIP_PROGRAM='${SHELL} $(install_sh) -c -s'
LDFLAGS=''
LIBOBJS=''
LIBS=''
LIBTOOL='$(SHELL) $(top_builddir)/libtool'
LN_S='ln -s'
LTLIBOBJS=''
MAKEINFO='${SHELL} /home/rkh23/src/NLMAP/missing --run makeinfo'
OBJEXT='o'
PACKAGE='libNLMAP'
PACKAGE_BUGREPORT=''
PACKAGE_NAME=''
PACKAGE_STRING=''
PACKAGE_TARNAME=''
PACKAGE_VERSION=''
PATH_SEPARATOR=':'
RANLIB='ranlib'
SET_MAKE=''
SHELL='/bin/sh'
STRIP='strip'
VERSION='0.0.1'
ac_ct_CC='gcc'
ac_ct_CXX='g++'
ac_ct_RANLIB='ranlib'
ac_ct_STRIP='strip'
am__include='include'
am__quote=''
bindir='${exec_prefix}/bin'
build='i686-pc-linux-gnu'
build_alias=''
build_cpu='i686'
build_os='linux-gnu'
build_vendor='pc'
datadir='${prefix}/share'
exec_prefix='${prefix}'
host='i686-pc-linux-gnu'
host_alias=''
host_cpu='i686'
host_os='linux-gnu'
host_vendor='pc'
includedir='${prefix}/include'
infodir='${prefix}/info'
install_sh='/home/rkh23/src/NLMAP/install-sh'
libdir='${exec_prefix}/lib'
libexecdir='${exec_prefix}/libexec'
localstatedir='${prefix}/var'
mandir='${prefix}/man'
oldincludedir='/usr/include'
prefix='/usr/local'
program_transform_name='s,x,x,'
sbindir='${exec_prefix}/sbin'
sharedstatedir='${prefix}/com'
sysconfdir='${prefix}/etc'
target_alias=''

## ----------- ##
## confdefs.h. ##
## ----------- ##

#define HAVE_DLFCN_H 1
#define HAVE_INTTYPES_H 1
#define HAVE_MEMORY_H 1
#define HAVE_STDINT_H 1
#define HAVE_STDLIB_H 1
#define HAVE_STRINGS_H 1
#define HAVE_STRING_H 1
#define HAVE_SYS_STAT_H 1
#define HAVE_SYS_TYPES_H 1
#define HAVE_UNISTD_H 1
#define PACKAGE "libNLMAP"
#define PACKAGE_BUGREPORT ""
#define PACKAGE_NAME ""
#define PACKAGE_STRING ""
#define PACKAGE_TARNAME ""
#define PACKAGE_VERSION ""
#define STDC_HEADERS 1
#define VERSION "0.0.1"
#endif
#ifdef __cplusplus
extern "C" void std::exit (int) throw (); using std::exit;

configure: exit 0

## ---------------------- ##
## Running config.status. ##
## ---------------------- ##

This file was extended by config.status, which was
generated by GNU Autoconf 2.59.  Invocation command line was

  CONFIG_FILES    = 
  CONFIG_HEADERS  = 
  CONFIG_LINKS    = 
  CONFIG_COMMANDS = 
  $ ./config.status Makefile

on kingfisher

config.status:692: creating Makefile

## ---------------------- ##
## Running config.status. ##
## ---------------------- ##

This file was extended by config.status, which was
generated by GNU Autoconf 2.59.  Invocation command line was

  CONFIG_FILES    = 
  CONFIG_HEADERS  = 
  CONFIG_LINKS    = 
  CONFIG_COMMANDS = 
  $ ./config.status src/Makefile depfiles

on kingfisher

config.status:692: creating src/Makefile
config.status:875: executing depfiles commands
